<?xml version="1.0" encoding="UTF-8"?>
<!-- Generated by org.testng.reporters.JUnitReportReporter -->
<testsuite hostname="User-PC" name="script.DemoA" tests="1" failures="0" timestamp="12 Oct 2018 04:56:02 GMT" time="11.400" errors="0">
  <testcase name="TestA" time="11.400" classname="script.DemoA"/>
</testsuite> <!-- script.DemoA -->
