<?xml version="1.0" encoding="UTF-8"?>
<!-- Generated by org.testng.reporters.JUnitReportReporter -->
<testsuite hostname="User-PC" name="script.DemoA" tests="1" failures="0" timestamp="11 Oct 2018 20:01:01 GMT" time="9.083" errors="0">
  <testcase name="TestA" time="9.083" classname="script.DemoA"/>
</testsuite> <!-- script.DemoA -->
